#
# A fatal error has been detected by the Java Runtime Environment:
#
#  SIGSEGV (0xb) at pc=0x08656e20, pid=2577, tid=98016112
#
# JRE version: 6.0_24-b07
# Java VM: Java HotSpot(TM) Client VM (19.1-b02 mixed mode, sharing linux-x86 )
# Problematic frame:
# C  0x08656e20
#
# If you would like to submit a bug report, please visit:
#   http://java.sun.com/webapps/bugreport/crash.jsp
#

---------------  T H R E A D  ---------------

Current thread is native thread

siginfo:si_signo=SIGSEGV: si_errno=0, si_code=128 (), si_addr=0x00000000

Registers:
EAX=0x00000012, EBX=0x01e39bf8, ECX=0x08656d68, EDX=0x08656e20
ESP=0x05d791bc, EBP=0x05d791d8, ESI=0x08656124, EDI=0x08656d28
EIP=0x08656e20, CR2=0xb731d100, EFLAGS=0x00210206

Register to memory mapping:

EAX=0x00000012

[error occurred during error reporting (printing registers, top of stack, instructions near pc), id 0xb]

Stack: [0x05579000,0x05d7a000],  sp=0x05d791bc,  free space=8192k
Native frames: (J=compiled Java code, j=interpreted, Vv=VM code, C=native code)
C  0x08656e20
C  [libsqlite3.so+0x37f33]  sqlite3_close+0xf3
C  [libwebkitgtk-1.0.so.0+0x7eef8a]
C  [libwebkitgtk-1.0.so.0+0x6f01f0]
C  [libwebkitgtk-1.0.so.0+0x6f0c36]
C  [libwebkitgtk-1.0.so.0+0x6f241f]
C  [libwebkitgtk-1.0.so.0+0x6f256d]
C  [libwebkitgtk-1.0.so.0+0x10a778f]
C  [libpthread.so.0+0x5e99]


---------------  P R O C E S S  ---------------

VM state:at safepoint (shutting down)

VM Mutex/Monitor currently owned by a thread:  ([mutex/lock_event])
[0x0816a950] Threads_lock - owner thread: 0x0818f400

Heap
 def new generation   total 54720K, used 14852K [0x62cf0000, 0x66840000, 0x6d790000)
  eden space 48704K,  24% used [0x62cf0000, 0x63891258, 0x65c80000)
  from space 6016K,  48% used [0x66260000, 0x66540100, 0x66840000)
  to   space 6016K,   0% used [0x65c80000, 0x65c80000, 0x66260000)
 tenured generation   total 121280K, used 75819K [0x6d790000, 0x74e00000, 0x82cf0000)
   the space 121280K,  62% used [0x6d790000, 0x7219ae38, 0x7219b000, 0x74e00000)
 compacting perm gen  total 87552K, used 87499K [0x82cf0000, 0x88270000, 0x92cf0000)
   the space 87552K,  99% used [0x82cf0000, 0x88262c20, 0x88262e00, 0x88270000)
    ro space 10240K,  61% used [0x92cf0000, 0x93318a38, 0x93318c00, 0x936f0000)
    rw space 12288K,  60% used [0x936f0000, 0x93e28ec0, 0x93e29000, 0x942f0000)

Dynamic libraries:
00110000-001a5000 r-xp 00000000 08:01 3542874    /usr/lib/libgdk-x11-2.0.so.0.2400.4
001a5000-001a6000 ---p 00095000 08:01 3542874    /usr/lib/libgdk-x11-2.0.so.0.2400.4
001a6000-001a8000 r--p 00095000 08:01 3542874    /usr/lib/libgdk-x11-2.0.so.0.2400.4
001a8000-001a9000 rw-p 00097000 08:01 3542874    /usr/lib/libgdk-x11-2.0.so.0.2400.4
001a9000-001b3000 r-xp 00000000 08:01 3545490    /usr/lib/i386-linux-gnu/libpangocairo-1.0.so.0.2800.4
001b3000-001b4000 r--p 00009000 08:01 3545490    /usr/lib/i386-linux-gnu/libpangocairo-1.0.so.0.2800.4
001b4000-001b5000 rw-p 0000a000 08:01 3545490    /usr/lib/i386-linux-gnu/libpangocairo-1.0.so.0.2800.4
001b5000-001c2000 r-xp 00000000 08:01 3545389    /usr/lib/i386-linux-gnu/libXext.so.6.4.0
001c2000-001c3000 r--p 0000c000 08:01 3545389    /usr/lib/i386-linux-gnu/libXext.so.6.4.0
001c3000-001c4000 rw-p 0000d000 08:01 3545389    /usr/lib/i386-linux-gnu/libXext.so.6.4.0
001c4000-001c6000 r-xp 00000000 08:01 3545397    /usr/lib/i386-linux-gnu/libXinerama.so.1.0.0
001c6000-001c7000 r--p 00001000 08:01 3545397    /usr/lib/i386-linux-gnu/libXinerama.so.1.0.0
001c7000-001c8000 rw-p 00002000 08:01 3545397    /usr/lib/i386-linux-gnu/libXinerama.so.1.0.0
001c8000-001d5000 r-xp 00000000 08:01 3545395    /usr/lib/i386-linux-gnu/libXi.so.6.1.0
001d5000-001d6000 r--p 0000c000 08:01 3545395    /usr/lib/i386-linux-gnu/libXi.so.6.1.0
001d6000-001d7000 rw-p 0000d000 08:01 3545395    /usr/lib/i386-linux-gnu/libXi.so.6.1.0
001d7000-001df000 r-xp 00000000 08:01 3545383    /usr/lib/i386-linux-gnu/libXcursor.so.1.0.2
001df000-001e0000 r--p 00007000 08:01 3545383    /usr/lib/i386-linux-gnu/libXcursor.so.1.0.2
001e0000-001e1000 rw-p 00008000 08:01 3545383    /usr/lib/i386-linux-gnu/libXcursor.so.1.0.2
001e1000-001e5000 r-xp 00000000 08:01 3545391    /usr/lib/i386-linux-gnu/libXfixes.so.3.1.0
001e5000-001e6000 r--p 00003000 08:01 3545391    /usr/lib/i386-linux-gnu/libXfixes.so.3.1.0
001e6000-001e7000 rw-p 00004000 08:01 3545391    /usr/lib/i386-linux-gnu/libXfixes.so.3.1.0
001e7000-001f8000 r-xp 00000000 08:01 4326276    /lib/i386-linux-gnu/libresolv-2.13.so
001f8000-001f9000 r--p 00010000 08:01 4326276    /lib/i386-linux-gnu/libresolv-2.13.so
001f9000-001fa000 rw-p 00011000 08:01 4326276    /lib/i386-linux-gnu/libresolv-2.13.so
001fa000-001fc000 rw-p 00000000 00:00 0 
001fc000-001fe000 r-xp 00000000 08:01 3545525    /usr/lib/i386-linux-gnu/libxcb-shm.so.0.0.0
001fe000-001ff000 r--p 00001000 08:01 3545525    /usr/lib/i386-linux-gnu/libxcb-shm.so.0.0.0
001ff000-00200000 rw-p 00002000 08:01 3545525    /usr/lib/i386-linux-gnu/libxcb-shm.so.0.0.0
00200000-00202000 r-xp 00000000 08:01 2098754    /home/finn/tools/eclipse/configuration/org.eclipse.osgi/bundles/65/1/.cp/os/linux/x86/libunixfile_1_0_0.so
00202000-00203000 rw-p 00001000 08:01 2098754    /home/finn/tools/eclipse/configuration/org.eclipse.osgi/bundles/65/1/.cp/os/linux/x86/libunixfile_1_0_0.so
00203000-0020a000 r-xp 00000000 08:01 4326278    /lib/i386-linux-gnu/librt-2.13.so
0020a000-0020b000 r--p 00006000 08:01 4326278    /lib/i386-linux-gnu/librt-2.13.so
0020b000-0020c000 rw-p 00007000 08:01 4326278    /lib/i386-linux-gnu/librt-2.13.so
0020c000-00231000 r-xp 00000000 08:01 3545492    /usr/lib/i386-linux-gnu/libpangoft2-1.0.so.0.2800.4
00231000-00232000 ---p 00025000 08:01 3545492    /usr/lib/i386-linux-gnu/libpangoft2-1.0.so.0.2800.4
00232000-00233000 r--p 00025000 08:01 3545492    /usr/lib/i386-linux-gnu/libpangoft2-1.0.so.0.2800.4
00233000-00234000 rw-p 00026000 08:01 3545492    /usr/lib/i386-linux-gnu/libpangoft2-1.0.so.0.2800.4
00234000-00247000 r-xp 00000000 08:01 4326292    /lib/i386-linux-gnu/libz.so.1.2.3.4
00247000-00248000 r--p 00012000 08:01 4326292    /lib/i386-linux-gnu/libz.so.1.2.3.4
00248000-00249000 rw-p 00013000 08:01 4326292    /lib/i386-linux-gnu/libz.so.1.2.3.4
00249000-00262000 r-xp 00000000 08:01 4326280    /lib/i386-linux-gnu/libselinux.so.1
00262000-00263000 r--p 00018000 08:01 4326280    /lib/i386-linux-gnu/libselinux.so.1
00263000-00264000 rw-p 00019000 08:01 4326280    /lib/i386-linux-gnu/libselinux.so.1
00264000-0028a000 r-xp 00000000 08:01 4326232    /lib/i386-linux-gnu/libexpat.so.1.5.2
0028a000-0028b000 ---p 00026000 08:01 4326232    /lib/i386-linux-gnu/libexpat.so.1.5.2
0028b000-0028d000 r--p 00026000 08:01 4326232    /lib/i386-linux-gnu/libexpat.so.1.5.2
0028d000-0028e000 rw-p 00028000 08:01 4326232    /lib/i386-linux-gnu/libexpat.so.1.5.2
0028e000-00294000 r-xp 00000000 08:01 3545521    /usr/lib/i386-linux-gnu/libxcb-render.so.0.0.0
00294000-00295000 r--p 00005000 08:01 3545521    /usr/lib/i386-linux-gnu/libxcb-render.so.0.0.0
00295000-00296000 rw-p 00006000 08:01 3545521    /usr/lib/i386-linux-gnu/libxcb-render.so.0.0.0
00298000-002b3000 r-xp 00000000 08:01 3542876    /usr/lib/libgdk_pixbuf-2.0.so.0.2300.3
002b3000-002b4000 r--p 0001a000 08:01 3542876    /usr/lib/libgdk_pixbuf-2.0.so.0.2300.3
002b4000-002b5000 rw-p 0001b000 08:01 3542876    /usr/lib/libgdk_pixbuf-2.0.so.0.2300.3
002b5000-00336000 r-xp 00000000 08:01 3545437    /usr/lib/i386-linux-gnu/libfreetype.so.6.6.2
00336000-0033a000 r--p 00080000 08:01 3545437    /usr/lib/i386-linux-gnu/libfreetype.so.6.6.2
0033a000-0033b000 rw-p 00084000 08:01 3545437    /usr/lib/i386-linux-gnu/libfreetype.so.6.6.2
0033b000-00343000 r-xp 00000000 08:01 3545401    /usr/lib/i386-linux-gnu/libXrender.so.1.3.0
00343000-00344000 r--p 00007000 08:01 3545401    /usr/lib/i386-linux-gnu/libXrender.so.1.3.0
00344000-00345000 rw-p 00008000 08:01 3545401    /usr/lib/i386-linux-gnu/libXrender.so.1.3.0
00345000-00347000 r-xp 00000000 08:01 3545379    /usr/lib/i386-linux-gnu/libXau.so.6.0.0
00347000-00348000 r--p 00001000 08:01 3545379    /usr/lib/i386-linux-gnu/libXau.so.6.0.0
00348000-00349000 rw-p 00002000 08:01 3545379    /usr/lib/i386-linux-gnu/libXau.so.6.0.0
00349000-0034d000 r-xp 00000000 08:01 3545387    /usr/lib/i386-linux-gnu/libXdmcp.so.6.0.0
0034d000-0034e000 r--p 00003000 08:01 3545387    /usr/lib/i386-linux-gnu/libXdmcp.so.6.0.0
0034e000-0034f000 rw-p 00004000 08:01 3545387    /usr/lib/i386-linux-gnu/libXdmcp.so.6.0.0
00351000-00352000 r-xp 00000000 00:00 0          [vdso]
00352000-00450000 r-xp 00000000 08:01 3545444    /usr/lib/i386-linux-gnu/libgio-2.0.so.0.2800.6
00450000-00451000 ---p 000fe000 08:01 3545444    /usr/lib/i386-linux-gnu/libgio-2.0.so.0.2800.6
00451000-00453000 r--p 000fe000 08:01 3545444    /usr/lib/i386-linux-gnu/libgio-2.0.so.0.2800.6
00453000-00454000 rw-p 00100000 08:01 3545444    /usr/lib/i386-linux-gnu/libgio-2.0.so.0.2800.6
00454000-00455000 rw-p 00000000 00:00 0 
00455000-00503000 r-xp 00000000 08:01 3542710    /usr/lib/libcairo.so.2.11000.2
00503000-00504000 ---p 000ae000 08:01 3542710    /usr/lib/libcairo.so.2.11000.2
00504000-00505000 r--p 000ae000 08:01 3542710    /usr/lib/libcairo.so.2.11000.2
00505000-00506000 rw-p 000af000 08:01 3542710    /usr/lib/libcairo.so.2.11000.2
00506000-00508000 rw-p 00000000 00:00 0 
00508000-0052b000 r-xp 00000000 08:01 4326273    /lib/i386-linux-gnu/libpng12.so.0.44.0
0052b000-0052c000 r--p 00022000 08:01 4326273    /lib/i386-linux-gnu/libpng12.so.0.44.0
0052c000-0052d000 rw-p 00023000 08:01 4326273    /lib/i386-linux-gnu/libpng12.so.0.44.0
0052d000-00533000 r-xp 00000000 08:01 4326251    /lib/i386-linux-gnu/libnss_compat-2.13.so
00533000-00534000 r--p 00005000 08:01 4326251    /lib/i386-linux-gnu/libnss_compat-2.13.so
00534000-00535000 rw-p 00006000 08:01 4326251    /lib/i386-linux-gnu/libnss_compat-2.13.so
00535000-0053e000 r-xp 00000000 08:01 4326259    /lib/i386-linux-gnu/libnss_nis-2.13.so
0053e000-0053f000 r--p 00008000 08:01 4326259    /lib/i386-linux-gnu/libnss_nis-2.13.so
0053f000-00540000 rw-p 00009000 08:01 4326259    /lib/i386-linux-gnu/libnss_nis-2.13.so
00540000-00543000 r-xp 00000000 08:01 3542718    /usr/lib/libcanberra-gtk.so.0.1.8
00543000-00544000 r--p 00002000 08:01 3542718    /usr/lib/libcanberra-gtk.so.0.1.8
00544000-00545000 rw-p 00003000 08:01 3542718    /usr/lib/libcanberra-gtk.so.0.1.8
00547000-00563000 r-xp 00000000 08:01 4326196    /lib/i386-linux-gnu/ld-2.13.so
00563000-00564000 r--p 0001b000 08:01 4326196    /lib/i386-linux-gnu/ld-2.13.so
00564000-00565000 rw-p 0001c000 08:01 4326196    /lib/i386-linux-gnu/ld-2.13.so
00565000-0056c000 r-xp 00000000 08:01 3543152    /usr/lib/libltdl.so.7.2.1
0056c000-0056d000 r--p 00006000 08:01 3543152    /usr/lib/libltdl.so.7.2.1
0056d000-0056e000 rw-p 00007000 08:01 3543152    /usr/lib/libltdl.so.7.2.1
0056e000-005ac000 r-xp 00000000 08:01 3545488    /usr/lib/i386-linux-gnu/libpango-1.0.so.0.2800.4
005ac000-005ad000 r--p 0003e000 08:01 3545488    /usr/lib/i386-linux-gnu/libpango-1.0.so.0.2800.4
005ad000-005ae000 rw-p 0003f000 08:01 3545488    /usr/lib/i386-linux-gnu/libpango-1.0.so.0.2800.4
005ae000-005eb000 r-xp 00000000 08:01 4326271    /lib/i386-linux-gnu/libpcre.so.3.12.1
005eb000-005ec000 r--p 0003c000 08:01 4326271    /lib/i386-linux-gnu/libpcre.so.3.12.1
005ec000-005ed000 rw-p 0003d000 08:01 4326271    /lib/i386-linux-gnu/libpcre.so.3.12.1
005ed000-00606000 r-xp 00000000 08:01 3545409    /usr/lib/i386-linux-gnu/libatk-1.0.so.0.9.1
00606000-00607000 ---p 00019000 08:01 3545409    /usr/lib/i386-linux-gnu/libatk-1.0.so.0.9.1
00607000-00608000 r--p 00019000 08:01 3545409    /usr/lib/i386-linux-gnu/libatk-1.0.so.0.9.1
00608000-00609000 rw-p 0001a000 08:01 3545409    /usr/lib/i386-linux-gnu/libatk-1.0.so.0.9.1
00609000-0061c000 r-xp 00000000 08:01 4326249    /lib/i386-linux-gnu/libnsl-2.13.so
0061c000-0061d000 r--p 00012000 08:01 4326249    /lib/i386-linux-gnu/libnsl-2.13.so
0061d000-0061e000 rw-p 00013000 08:01 4326249    /lib/i386-linux-gnu/libnsl-2.13.so
0061e000-00620000 rw-p 00000000 00:00 0 
00620000-0062a000 r-xp 00000000 08:01 4326255    /lib/i386-linux-gnu/libnss_files-2.13.so
0062a000-0062b000 r--p 00009000 08:01 4326255    /lib/i386-linux-gnu/libnss_files-2.13.so
0062b000-0062c000 rw-p 0000a000 08:01 4326255    /lib/i386-linux-gnu/libnss_files-2.13.so
0062c000-00634000 r-xp 00000000 08:01 3539495    /usr/lib/liboverlay-scrollbar-0.1.so.0.0.12
00634000-00635000 r--p 00007000 08:01 3539495    /usr/lib/liboverlay-scrollbar-0.1.so.0.0.12
00635000-00636000 rw-p 00008000 08:01 3539495    /usr/lib/liboverlay-scrollbar-0.1.so.0.0.12
00636000-00644000 r-xp 00000000 08:01 3542720    /usr/lib/libcanberra.so.0.2.5
00644000-00645000 r--p 0000d000 08:01 3542720    /usr/lib/libcanberra.so.0.2.5
00645000-00646000 rw-p 0000e000 08:01 3542720    /usr/lib/libcanberra.so.0.2.5
00646000-0064b000 r-xp 00000000 08:01 3543231    /usr/lib/libogg.so.0.7.0
0064b000-0064c000 r--p 00004000 08:01 3543231    /usr/lib/libogg.so.0.7.0
0064c000-0064d000 rw-p 00005000 08:01 3543231    /usr/lib/libogg.so.0.7.0
0064d000-0064f000 r-xp 00000000 08:01 3545867    /usr/lib/i386-linux-gnu/pango/1.6.0/modules/pango-basic-fc.so
0064f000-00650000 r--p 00001000 08:01 3545867    /usr/lib/i386-linux-gnu/pango/1.6.0/modules/pango-basic-fc.so
00650000-00651000 rw-p 00002000 08:01 3545867    /usr/lib/i386-linux-gnu/pango/1.6.0/modules/pango-basic-fc.so
00651000-007ab000 r-xp 00000000 08:01 4326209    /lib/i386-linux-gnu/libc-2.13.so
007ab000-007ac000 ---p 0015a000 08:01 4326209    /lib/i386-linux-gnu/libc-2.13.so
007ac000-007ae000 r--p 0015a000 08:01 4326209    /lib/i386-linux-gnu/libc-2.13.so
007ae000-007af000 rw-p 0015c000 08:01 4326209    /lib/i386-linux-gnu/libc-2.13.so
007af000-007b2000 rw-p 00000000 00:00 0 
007b2000-00819000 r-xp 00000000 08:01 3543268    /usr/lib/libpixman-1.so.0.20.2
00819000-0081a000 ---p 00067000 08:01 3543268    /usr/lib/libpixman-1.so.0.20.2
0081a000-0081d000 r--p 00067000 08:01 3543268    /usr/lib/libpixman-1.so.0.20.2
0081d000-0081e000 rw-p 0006a000 08:01 3543268    /usr/lib/libpixman-1.so.0.20.2
0081e000-00825000 r-xp 00000000 08:01 3545280    /usr/lib/gtk-2.0/2.10.0/engines/libpixmap.so
00825000-00826000 ---p 00007000 08:01 3545280    /usr/lib/gtk-2.0/2.10.0/engines/libpixmap.so
00826000-00827000 r--p 00007000 08:01 3545280    /usr/lib/gtk-2.0/2.10.0/engines/libpixmap.so
00827000-00828000 rw-p 00008000 08:01 3545280    /usr/lib/gtk-2.0/2.10.0/engines/libpixmap.so
00828000-0082b000 r-xp 00000000 08:01 3544685    /usr/lib/gdk-pixbuf-2.0/2.10.0/loaders/libpixbufloader-bmp.so
0082b000-0082c000 r--p 00002000 08:01 3544685    /usr/lib/gdk-pixbuf-2.0/2.10.0/loaders/libpixbufloader-bmp.so
0082c000-0082d000 rw-p 00003000 08:01 3544685    /usr/lib/gdk-pixbuf-2.0/2.10.0/loaders/libpixbufloader-bmp.so
0082d000-00831000 r-xp 00000000 08:01 3542640    /usr/lib/libXtst.so.6.1.0
00831000-00832000 r--p 00003000 08:01 3542640    /usr/lib/libXtst.so.6.1.0
00832000-00833000 rw-p 00004000 08:01 3542640    /usr/lib/libXtst.so.6.1.0
00833000-00835000 r-xp 00000000 08:01 4326219    /lib/i386-linux-gnu/libdl-2.13.so
00835000-00836000 r--p 00001000 08:01 4326219    /lib/i386-linux-gnu/libdl-2.13.so
00836000-00837000 rw-p 00002000 08:01 4326219    /lib/i386-linux-gnu/libdl-2.13.so
00837000-00842000 r-xp 00000000 08:01 3545278    /usr/lib/gtk-2.0/2.10.0/engines/libmist.so
00842000-00843000 r--p 0000a000 08:01 3545278    /usr/lib/gtk-2.0/2.10.0/engines/libmist.so
00843000-00844000 rw-p 0000b000 08:01 3545278    /usr/lib/gtk-2.0/2.10.0/engines/libmist.so
00844000-00848000 r-xp 00000000 08:01 3545288    /usr/lib/gtk-2.0/2.10.0/immodules/im-ibus.so
00848000-00849000 r--p 00003000 08:01 3545288    /usr/lib/gtk-2.0/2.10.0/immodules/im-ibus.so
00849000-0084a000 rw-p 00004000 08:01 3545288    /usr/lib/gtk-2.0/2.10.0/immodules/im-ibus.so
0084a000-00861000 r-xp 00000000 08:01 3545527    /usr/lib/i386-linux-gnu/libxcb.so.1.1.0
00861000-00862000 r--p 00016000 08:01 3545527    /usr/lib/i386-linux-gnu/libxcb.so.1.1.0
00862000-00863000 rw-p 00017000 08:01 3545527    /usr/lib/i386-linux-gnu/libxcb.so.1.1.0
00863000-00888000 r-xp 00000000 08:01 3543469    /usr/lib/libvorbis.so.0.4.5
00888000-00889000 r--p 00025000 08:01 3543469    /usr/lib/libvorbis.so.0.4.5
00889000-0088a000 rw-p 00026000 08:01 3543469    /usr/lib/libvorbis.so.0.4.5
0088a000-00895000 r-xp 00000000 08:01 4077539    /usr/lib/jvm/java-6-sun-1.6.0.24/jre/lib/i386/libverify.so
00895000-00896000 rw-p 0000b000 08:01 4077539    /usr/lib/jvm/java-6-sun-1.6.0.24/jre/lib/i386/libverify.so
00896000-008b9000 r-xp 00000000 08:01 4077505    /usr/lib/jvm/java-6-sun-1.6.0.24/jre/lib/i386/libjava.so
008b9000-008bb000 rw-p 00023000 08:01 4077505    /usr/lib/jvm/java-6-sun-1.6.0.24/jre/lib/i386/libjava.so
008bb000-008c1000 r-xp 00000000 08:01 4077528    /usr/lib/jvm/java-6-sun-1.6.0.24/jre/lib/i386/native_threads/libhpi.so
008c1000-008c2000 rw-p 00006000 08:01 4077528    /usr/lib/jvm/java-6-sun-1.6.0.24/jre/lib/i386/native_threads/libhpi.so
008c2000-008d1000 r-xp 00000000 08:01 4077510    /usr/lib/jvm/java-6-sun-1.6.0.24/jre/lib/i386/libzip.so
008d1000-008d3000 rw-p 0000e000 08:01 4077510    /usr/lib/jvm/java-6-sun-1.6.0.24/jre/lib/i386/libzip.so
008d3000-008e7000 r-xp 00000000 08:01 4077550    /usr/lib/jvm/java-6-sun-1.6.0.24/jre/lib/i386/libnet.so
008e7000-008e8000 rw-p 00013000 08:01 4077550    /usr/lib/jvm/java-6-sun-1.6.0.24/jre/lib/i386/libnet.so
008e8000-008ef000 r-xp 00000000 08:01 4077509    /usr/lib/jvm/java-6-sun-1.6.0.24/jre/lib/i386/libnio.so
008ef000-008f0000 rw-p 00006000 08:01 4077509    /usr/lib/jvm/java-6-sun-1.6.0.24/jre/lib/i386/libnio.so
008f0000-008f5000 r-xp 00000000 08:01 3544686    /usr/lib/gdk-pixbuf-2.0/2.10.0/loaders/libpixbufloader-gif.so
008f5000-008f6000 r--p 00004000 08:01 3544686    /usr/lib/gdk-pixbuf-2.0/2.10.0/loaders/libpixbufloader-gif.so
008f6000-008f7000 rw-p 00005000 08:01 3544686    /usr/lib/gdk-pixbuf-2.0/2.10.0/loaders/libpixbufloader-gif.so
008f7000-008fa000 r-xp 00000000 08:01 3545460    /usr/lib/i386-linux-gnu/libgthread-2.0.so.0.2800.6
008fa000-008fb000 r--p 00003000 08:01 3545460    /usr/lib/i386-linux-gnu/libgthread-2.0.so.0.2800.6
008fb000-008fc000 rw-p 00004000 08:01 3545460    /usr/lib/i386-linux-gnu/libgthread-2.0.so.0.2800.6
008fc000-008ff000 ---p 00000000 00:00 0 
008ff000-0094d000 rwxp 00000000 00:00 0 
0094d000-00956000 r-xp 00000000 08:01 2097742    /home/finn/tools/eclipse/configuration/org.eclipse.osgi/bundles/587/1/.cp/libswt-atk-gtk-3735.so
00956000-00957000 rw-p 00009000 08:01 2097742    /home/finn/tools/eclipse/configuration/org.eclipse.osgi/bundles/587/1/.cp/libswt-atk-gtk-3735.so
00957000-0096a000 r-xp 00000000 08:01 3543060    /usr/lib/libgvfscommon.so.0.0.0
0096a000-0096b000 r--p 00012000 08:01 3543060    /usr/lib/libgvfscommon.so.0.0.0
0096b000-0096c000 rw-p 00013000 08:01 3543060    /usr/lib/libgvfscommon.so.0.0.0
0096c000-00977000 r-xp 00000000 08:01 4326286    /lib/i386-linux-gnu/libudev.so.0.11.1
00977000-00978000 r--p 0000a000 08:01 4326286    /lib/i386-linux-gnu/libudev.so.0.11.1
00978000-00979000 rw-p 0000b000 08:01 4326286    /lib/i386-linux-gnu/libudev.so.0.11.1
0097a000-00980000 r-xp 00000000 08:01 3545399    /usr/lib/i386-linux-gnu/libXrandr.so.2.2.0
00980000-00981000 r--p 00005000 08:01 3545399    /usr/lib/i386-linux-gnu/libXrandr.so.2.2.0
00981000-00982000 rw-p 00006000 08:01 3545399    /usr/lib/i386-linux-gnu/libXrandr.so.2.2.0
00982000-00984000 r-xp 00000000 08:01 4326287    /lib/i386-linux-gnu/libutil-2.13.so
00984000-00985000 r--p 00001000 08:01 4326287    /lib/i386-linux-gnu/libutil-2.13.so
00985000-00986000 rw-p 00002000 08:01 4326287    /lib/i386-linux-gnu/libutil-2.13.so
00986000-0098a000 r-xp 00000000 08:01 4326253    /lib/i386-linux-gnu/libnss_dns-2.13.so
0098a000-0098b000 r--p 00004000 08:01 4326253    /lib/i386-linux-gnu/libnss_dns-2.13.so
0098b000-0098c000 rw-p 00005000 08:01 4326253    /lib/i386-linux-gnu/libnss_dns-2.13.so
0098c000-00994000 r-xp 00000000 08:01 2098564    /home/finn/tools/eclipse/configuration/org.eclipse.osgi/bundles/587/1/.cp/libswt-webkit-gtk-3735.so
00994000-00995000 rw-p 00007000 08:01 2098564    /home/finn/tools/eclipse/configuration/org.eclipse.osgi/bundles/587/1/.cp/libswt-webkit-gtk-3735.so
00995000-00997000 r-xp 00000000 08:01 3544315    /usr/lib/enchant/libenchant_aspell.so
00997000-00998000 r--p 00001000 08:01 3544315    /usr/lib/enchant/libenchant_aspell.so
00998000-00999000 rw-p 00002000 08:01 3544315    /usr/lib/enchant/libenchant_aspell.so
00999000-009de000 r-xp 00000000 08:01 3545454    /usr/lib/i386-linux-gnu/libgobject-2.0.so.0.2800.6
009de000-009df000 r--p 00044000 08:01 3545454    /usr/lib/i386-linux-gnu/libgobject-2.0.so.0.2800.6
009df000-009e0000 rw-p 00045000 08:01 3545454    /usr/lib/i386-linux-gnu/libgobject-2.0.so.0.2800.6
009e0000-009e1000 ---p 00000000 00:00 0 
009e1000-00a61000 rwxp 00000000 00:00 0 
00a61000-00a64000 ---p 00000000 00:00 0 
00a64000-00ab2000 rwxp 00000000 00:00 0 
00ab2000-00ad5000 r-xp 00000000 08:01 3544810    /usr/lib/gio/modules/libgvfsdbus.so
00ad5000-00ad6000 r--p 00023000 08:01 3544810    /usr/lib/gio/modules/libgvfsdbus.so
00ad6000-00ad7000 rw-p 00024000 08:01 3544810    /usr/lib/gio/modules/libgvfsdbus.so
00ad7000-00ae0000 r-xp 00000000 08:01 3542824    /usr/lib/libenchant.so.1.6.0
00ae0000-00ae1000 r--p 00008000 08:01 3542824    /usr/lib/libenchant.so.1.6.0
00ae1000-00ae2000 rw-p 00009000 08:01 3542824    /usr/lib/libenchant.so.1.6.0
00ae2000-00ae3000 r-xp 00000000 08:01 3545788    /usr/lib/i386-linux-gnu/gconv/ISO8859-1.so
00ae3000-00ae4000 r--p 00000000 08:01 3545788    /usr/lib/i386-linux-gnu/gconv/ISO8859-1.so
00ae4000-00ae5000 rw-p 00001000 08:01 3545788    /usr/lib/i386-linux-gnu/gconv/ISO8859-1.so
00ae6000-00b13000 r-xp 00000000 08:01 3545435    /usr/lib/i386-linux-gnu/libfontconfig.so.1.4.4
00b13000-00b14000 r--p 0002c000 08:01 3545435    /usr/lib/i386-linux-gnu/libfontconfig.so.1.4.4
00b14000-00b15000 rw-p 0002d000 08:01 3545435    /usr/lib/i386-linux-gnu/libfontconfig.so.1.4.4
00b15000-00b1b000 r-xp 00000000 08:01 3542862    /usr/lib/libgailutil.so.18.0.1
00b1b000-00b1c000 r--p 00005000 08:01 3542862    /usr/lib/libgailutil.so.18.0.1
00b1c000-00b1d000 rw-p 00006000 08:01 3542862    /usr/lib/libgailutil.so.18.0.1
00b1d000-00b27000 r-xp 00000000 08:01 3542977    /usr/lib/libgstapp-0.10.so.0.23.0
00b27000-00b28000 r--p 00009000 08:01 3542977    /usr/lib/libgstapp-0.10.so.0.23.0
00b28000-00b29000 rw-p 0000a000 08:01 3542977    /usr/lib/libgstapp-0.10.so.0.23.0
00b29000-00b2f000 r-xp 00000000 08:01 3545373    /usr/lib/i386-linux-gnu/libSM.so.6.0.1
00b2f000-00b30000 r--p 00005000 08:01 3545373    /usr/lib/i386-linux-gnu/libSM.so.6.0.1
00b30000-00b31000 rw-p 00006000 08:01 3545373    /usr/lib/i386-linux-gnu/libSM.so.6.0.1
00b31000-00b32000 r-xp 00000000 08:01 3544696    /usr/lib/gdk-pixbuf-2.0/2.10.0/loaders/libpixbufloader-svg.so
00b32000-00b33000 r--p 00000000 08:01 3544696    /usr/lib/gdk-pixbuf-2.0/2.10.0/loaders/libpixbufloader-svg.so
00b33000-00b34000 rw-p 00001000 08:01 3544696    /usr/lib/gdk-pixbuf-2.0/2.10.0/loaders/libpixbufloader-svg.so
00b34000-00b38000 rwxp 00000000 00:00 0 
00b38000-00b3b000 r-xp 00000000 08:01 4326290    /lib/i386-linux-gnu/libuuid.so.1.3.0
00b3b000-00b3c000 r--p 00002000 08:01 4326290    /lib/i386-linux-gnu/libuuid.so.1.3.0
00b3c000-00b3d000 rw-p 00003000 08:01 4326290    /lib/i386-linux-gnu/libuuid.so.1.3.0
00b3d000-00b41000 rwxp 00000000 00:00 0 
00b41000-00b43000 r-xp 00000000 08:01 3545381    /usr/lib/i386-linux-gnu/libXcomposite.so.1.0.0
00b43000-00b44000 r--p 00001000 08:01 3545381    /usr/lib/i386-linux-gnu/libXcomposite.so.1.0.0
00b44000-00b45000 rw-p 00002000 08:01 3545381    /usr/lib/i386-linux-gnu/libXcomposite.so.1.0.0
00b45000-00b48000 ---p 00000000 00:00 0 
00b48000-00bc6000 rwxp 00000000 00:00 0 
00bc6000-00bd3000 r-xp 00000000 08:01 3542995    /usr/lib/libgstinterfaces-0.10.so.0.23.0
00bd3000-00bd4000 ---p 0000d000 08:01 3542995    /usr/lib/libgstinterfaces-0.10.so.0.23.0
00bd4000-00bd5000 r--p 0000d000 08:01 3542995    /usr/lib/libgstinterfaces-0.10.so.0.23.0
00bd5000-00bd6000 rw-p 0000e000 08:01 3542995    /usr/lib/libgstinterfaces-0.10.so.0.23.0
00bd6000-00bda000 rwxp 00000000 00:00 0 
00bdb000-00be7000 r-xp 00000000 08:01 1969392    /home/finn/tools/eclipse/plugins/org.eclipse.equinox.launcher.gtk.linux.x86_1.1.100.v20110505/eclipse_1407.so
00be7000-00be8000 rw-p 0000c000 08:01 1969392    /home/finn/tools/eclipse/plugins/org.eclipse.equinox.launcher.gtk.linux.x86_1.1.100.v20110505/eclipse_1407.so
00be8000-00c03000 r-xp 00000000 08:01 3543001    /usr/lib/libgstpbutils-0.10.so.0.23.0
00c03000-00c04000 r--p 0001b000 08:01 3543001    /usr/lib/libgstpbutils-0.10.so.0.23.0
00c04000-00c05000 rw-p 0001c000 08:01 3543001    /usr/lib/libgstpbutils-0.10.so.0.23.0
00c05000-00c09000 r-xp 00000000 08:01 3544318    /usr/lib/enchant/libenchant_myspell.so
00c09000-00c0a000 r--p 00003000 08:01 3544318    /usr/lib/enchant/libenchant_myspell.so
00c0a000-00c0b000 rw-p 00004000 08:01 3544318    /usr/lib/enchant/libenchant_myspell.so
00c0b000-00c0f000 rwxp 00000000 00:00 0 
00c0f000-00c19000 r-xp 00000000 08:01 2097781    /home/finn/tools/eclipse/configuration/org.eclipse.osgi/bundles/587/1/.cp/libswt-cairo-gtk-3735.so
00c19000-00c1a000 rw-p 00009000 08:01 2097781    /home/finn/tools/eclipse/configuration/org.eclipse.osgi/bundles/587/1/.cp/libswt-cairo-gtk-3735.so
00c1a000-00c1d000 r-xp 00000000 08:01 2102142    /home/finn/tools/eclipse/plugins/org.mozilla.xulrunner.gtk.linux.x86_1.9.2.16b/xulrunner/libplc4.so
00c1d000-00c1e000 rw-p 00002000 08:01 2102142    /home/finn/tools/eclipse/plugins/org.mozilla.xulrunner.gtk.linux.x86_1.9.2.16b/xulrunner/libplc4.so
00c1e000-00c20000 r-xp 00000000 08:01 2102133    /home/finn/tools/eclipse/plugins/org.mozilla.xulrunner.gtk.linux.x86_1.9.2.16b/xulrunner/libplds4.so
00c20000-00c21000 rw-p 00001000 08:01 2102133    /home/finn/tools/eclipse/plugins/org.mozilla.xulrunner.gtk.linux.x86_1.9.2.16b/xulrunner/libplds4.so
00c22000-00c26000 r-xp 00000000 08:01 3545304    /usr/lib/gtk-2.0/modules/libcanberra-gtk-module.so
00c26000-00c27000 r--p 00003000 08:01 3545304    /usr/lib/gtk-2.0/modules/libcanberra-gtk-module.so
00c27000-00c28000 rw-p 00004000 08:01 3545304    /usr/lib/gtk-2.0/modules/libcanberra-gtk-module.so
00c28000-00c32000 r-xp 00000000 08:01 3543015    /usr/lib/libgstvideo-0.10.so.0.23.0
00c32000-00c33000 r--p 00009000 08:01 3543015    /usr/lib/libgstvideo-0.10.so.0.23.0
00c33000-00c34000 rw-p 0000a000 08:01 3543015    /usr/lib/libgstvideo-0.10.so.0.23.0
00c34000-00c4e000 r-xp 00000000 08:01 4326237    /lib/i386-linux-gnu/libgcc_s.so.1
00c4e000-00c4f000 r--p 00019000 08:01 4326237    /lib/i386-linux-gnu/libgcc_s.so.1
00c4f000-00c50000 rw-p 0001a000 08:01 4326237    /lib/i386-linux-gnu/libgcc_s.so.1
00c52000-00c56000 r-xp 00000000 08:01 3544692    /usr/lib/gdk-pixbuf-2.0/2.10.0/loaders/libpixbufloader-png.so
00c56000-00c57000 r--p 00003000 08:01 3544692    /usr/lib/gdk-pixbuf-2.0/2.10.0/loaders/libpixbufloader-png.so
00c57000-00c58000 rw-p 00004000 08:01 3544692    /usr/lib/gdk-pixbuf-2.0/2.10.0/loaders/libpixbufloader-png.so
00c58000-00c60000 r-xp 00000000 08:01 3544316    /usr/lib/enchant/libenchant_hspell.so
00c60000-00c61000 r--p 00007000 08:01 3544316    /usr/lib/enchant/libenchant_hspell.so
00c61000-00c63000 rw-p 00008000 08:01 3544316    /usr/lib/enchant/libenchant_hspell.so
00c63000-00c66000 r-xp 00000000 08:01 2102143    /home/finn/tools/eclipse/plugins/org.mozilla.xulrunner.gtk.linux.x86_1.9.2.16b/xulrunner/libxpcom.so
00c66000-00c67000 rw-p 00002000 08:01 2102143    /home/finn/tools/eclipse/plugins/org.mozilla.xulrunner.gtk.linux.x86_1.9.2.16b/xulrunner/libxpcom.so
00c67000-00c69000 r-xp 00000000 08:01 3545839    /usr/lib/i386-linux-gnu/gconv/UTF-16.so
00c69000-00c6a000 r--p 00001000 08:01 3545839    /usr/lib/i386-linux-gnu/gconv/UTF-16.so
00c6a000-00c6b000 rw-p 00002000 08:01 3545839    /usr/lib/i386-linux-gnu/gconv/UTF-16.so
00c6b000-00c6d000 r-xp 00000000 08:01 3545446    /usr/lib/i386-linux-gnu/libgmodule-2.0.so.0.2800.6
00c6d000-00c6e000 r--p 00002000 08:01 3545446    /usr/lib/i386-linux-gnu/libgmodule-2.0.so.0.2800.6
00c6e000-00c6f000 rw-p 00003000 08:01 3545446    /usr/lib/i386-linux-gnu/libgmodule-2.0.so.0.2800.6
00c6f000-00c83000 r-xp 00000000 08:01 3545371    /usr/lib/i386-linux-gnu/libICE.so.6.3.0
00c83000-00c84000 r--p 00013000 08:01 3545371    /usr/lib/i386-linux-gnu/libICE.so.6.3.0
00c84000-00c85000 rw-p 00014000 08:01 3545371    /usr/lib/i386-linux-gnu/libICE.so.6.3.0
00c85000-00c87000 rw-p 00000000 00:00 0 
00c87000-00c8d000 r-xp 00000000 08:01 2228317    /home/finn/tools/eclipse/plugins/org.mozilla.xulrunner.gtk.linux.x86_1.9.2.16b/xulrunner/components/libdbusservice.so
00c8d000-00c8e000 rw-p 00006000 08:01 2228317    /home/finn/tools/eclipse/plugins/org.mozilla.xulrunner.gtk.linux.x86_1.9.2.16b/xulrunner/components/libdbusservice.so
00c8e000-00d63000 r-xp 00000000 08:01 4326241    /lib/i386-linux-gnu/libglib-2.0.so.0.2800.6
00d63000-00d64000 r--p 000d4000 08:01 4326241    /lib/i386-linux-gnu/libglib-2.0.so.0.2800.6
00d64000-00d65000 rw-p 000d5000 08:01 4326241    /lib/i386-linux-gnu/libglib-2.0.so.0.2800.6
00d65000-00d68000 ---p 00000000 00:00 0 
00d68000-00db6000 rwxp 00000000 00:00 0 
00db6000-00db9000 ---p 00000000 00:00 0 
00db9000-00e07000 rwxp 00000000 00:00 0 
00e0a000-00e1f000 r-xp 00000000 08:01 4326274    /lib/i386-linux-gnu/libpthread-2.13.so
00e1f000-00e20000 r--p 00015000 08:01 4326274    /lib/i386-linux-gnu/libpthread-2.13.so
00e20000-00e21000 rw-p 00016000 08:01 4326274    /lib/i386-linux-gnu/libpthread-2.13.so
00e21000-00e23000 rw-p 00000000 00:00 0 
00e23000-00e26000 ---p 00000000 00:00 0 
00e26000-00e74000 rwxp 00000000 00:00 0 
00e74000-00e77000 r-xp 00000000 08:01 2102112    /home/finn/tools/eclipse/plugins/org.mozilla.xulrunner.gtk.linux.x86_1.9.2.16b/xulrunner/libjavaxpcomglue.so
00e77000-00e78000 rw-p 00002000 08:01 2102112    /home/finn/tools/eclipse/plugins/org.mozilla.xulrunner.gtk.linux.x86_1.9.2.16b/xulrunner/libjavaxpcomglue.so
00e78000-00e7a000 r-xp 00000000 08:01 3542638    /usr/lib/libXss.so.1.0.0
00e7a000-00e7b000 r--p 00001000 08:01 3542638    /usr/lib/libXss.so.1.0.0
00e7b000-00e7c000 rw-p 00002000 08:01 3542638    /usr/lib/libXss.so.1.0.0
00e7c000-00e83000 r-xp 00000000 08:01 3543473    /usr/lib/libvorbisfile.so.3.3.4
00e83000-00e84000 r--p 00006000 08:01 3543473    /usr/lib/libvorbisfile.so.3.3.4
00e84000-00e85000 rw-p 00007000 08:01 3543473    /usr/lib/libvorbisfile.so.3.3.4
00e91000-00e94000 r-xp 00000000 08:01 2097731    /home/finn/tools/eclipse/configuration/org.eclipse.osgi/bundles/587/1/.cp/libswt-gtk-3735.so
00e94000-00e95000 rw-p 00002000 08:01 2097731    /home/finn/tools/eclipse/configuration/org.eclipse.osgi/bundles/587/1/.cp/libswt-gtk-3735.so
00e95000-00e96000 rw-p 00000000 00:00 0 
00e9d000-00eac000 r-xp 00000000 08:01 3543402    /usr/lib/libtdb.so.1.2.9
00eac000-00ead000 r--p 0000e000 08:01 3543402    /usr/lib/libtdb.so.1.2.9
00ead000-00eae000 rw-p 0000f000 08:01 3543402    /usr/lib/libtdb.so.1.2.9
00eae000-00eb1000 ---p 00000000 00:00 0 
00eb1000-00eff000 rwxp 00000000 00:00 0 
00eff000-00f0a000 r-xp 00000000 08:01 3544317    /usr/lib/enchant/libenchant_ispell.so
00f0a000-00f0b000 r--p 0000a000 08:01 3544317    /usr/lib/enchant/libenchant_ispell.so
00f0b000-00f0c000 rw-p 0000b000 08:01 3544317    /usr/lib/enchant/libenchant_ispell.so
00f17000-00f19000 r-xp 00000000 08:01 3545385    /usr/lib/i386-linux-gnu/libXdamage.so.1.1.0
00f19000-00f1a000 r--p 00001000 08:01 3545385    /usr/lib/i386-linux-gnu/libXdamage.so.1.1.0
00f1a000-00f1b000 rw-p 00002000 08:01 3545385    /usr/lib/i386-linux-gnu/libXdamage.so.1.1.0
00f1b000-00f55000 r-xp 00000000 08:01 3543078    /usr/lib/libibus.so.2.0.0
00f55000-00f56000 r--p 00039000 08:01 3543078    /usr/lib/libibus.so.2.0.0
00f56000-00f57000 rw-p 0003a000 08:01 3543078    /usr/lib/libibus.so.2.0.0
00f5e000-00f61000 ---p 00000000 00:00 0 
00f61000-00faf000 rwxp 00000000 00:00 0 
00faf000-00fcd000 r-xp 00000000 08:01 3545467    /usr/lib/i386-linux-gnu/libjpeg.so.62.0.0
00fcd000-00fce000 r--p 0001d000 08:01 3545467    /usr/lib/i386-linux-gnu/libjpeg.so.62.0.0
00fce000-00fcf000 rw-p 0001e000 08:01 3545467    /usr/lib/i386-linux-gnu/libjpeg.so.62.0.0
00fd0000-00ff4000 r-xp 00000000 08:01 4326246    /lib/i386-linux-gnu/libm-2.13.so
00ff4000-00ff5000 r--p 00023000 08:01 4326246    /lib/i386-linux-gnu/libm-2.13.so
00ff5000-00ff6000 rw-p 00024000 08:01 4326246    /lib/i386-linux-gnu/libm-2.13.so
00ff6000-0110c000 r-xp 00000000 08:01 3545377    /usr/lib/i386-linux-gnu/libX11.so.6.3.0
0110c000-0110d000 ---p 00116000 08:01 3545377    /usr/lib/i386-linux-gnu/libX11.so.6.3.0
0110d000-0110e000 r--p 00116000 08:01 3545377    /usr/lib/i386-linux-gnu/libX11.so.6.3.0
0110e000-01110000 rw-p 00117000 08:01 3545377    /usr/lib/i386-linux-gnu/libX11.so.6.3.0
01110000-01111000 rw-p 00000000 00:00 0 
01111000-01114000 ---p 00000000 00:00 0 
01114000-01162000 rwxp 00000000 00:00 0 
01162000-01165000 ---p 00000000 00:00 0 
01165000-011b3000 rwxp 00000000 00:00 0 
011b3000-011c4000 r-xp 00000000 08:01 2102124    /home/finn/tools/eclipse/plugins/org.mozilla.xulrunner.gtk.linux.x86_1.9.2.16b/xulrunner/libnssutil3.so
011c4000-011c7000 rw-p 00011000 08:01 2102124    /home/finn/tools/eclipse/plugins/org.mozilla.xulrunner.gtk.linux.x86_1.9.2.16b/xulrunner/libnssutil3.so
011dd000-011e0000 ---p 00000000 00:00 0 
011e0000-0122e000 rwxp 00000000 00:00 0 
0122e000-01269000 r-xp 00000000 08:01 4326218    /lib/i386-linux-gnu/libdbus-1.so.3.5.4
01269000-0126a000 r--p 0003a000 08:01 4326218    /lib/i386-linux-gnu/libdbus-1.so.3.5.4
0126a000-0126b000 rw-p 0003b000 08:01 4326218    /lib/i386-linux-gnu/libdbus-1.so.3.5.4
0126b000-0126e000 ---p 00000000 00:00 0 
0126e000-012bc000 rwxp 00000000 00:00 0 
012bc000-012bf000 ---p 00000000 00:00 0 
012bf000-0130d000 rwxp 00000000 00:00 0 
0130d000-01310000 ---p 00000000 00:00 0 
01310000-0135e000 rwxp 00000000 00:00 0 
0135e000-01361000 ---p 00000000 00:00 0 
01361000-013af000 rwxp 00000000 00:00 0 
013af000-013b2000 ---p 00000000 00:00 0 
013b2000-01400000 rwxp 00000000 00:00 0 
01400000-01403000 ---p 00000000 00:00 0 
01403000-01451000 rwxp 00000000 00:00 0 
01451000-01485000 r-xp 00000000 08:01 3543510    /usr/lib/libxslt.so.1.1.26
01485000-01486000 r--p 00034000 08:01 3543510    /usr/lib/libxslt.so.1.1.26
01486000-01487000 rw-p 00035000 08:01 3543510    /usr/lib/libxslt.so.1.1.26
01487000-014d5000 r-xp 00000000 08:01 3545403    /usr/lib/i386-linux-gnu/libXt.so.6.0.0
014d5000-014d6000 r--p 0004d000 08:01 3545403    /usr/lib/i386-linux-gnu/libXt.so.6.0.0
014d6000-014d9000 rw-p 0004e000 08:01 3545403    /usr/lib/i386-linux-gnu/libXt.so.6.0.0
014d9000-01507000 r-xp 00000000 08:01 2102140    /home/finn/tools/eclipse/plugins/org.mozilla.xulrunner.gtk.linux.x86_1.9.2.16b/xulrunner/libsoftokn3.so
01507000-01508000 rw-p 0002e000 08:01 2102140    /home/finn/tools/eclipse/plugins/org.mozilla.xulrunner.gtk.linux.x86_1.9.2.16b/xulrunner/libsoftokn3.so
01511000-018e2000 r-xp 00000000 08:01 3543019    /usr/lib/libgtk-x11-2.0.so.0.2400.4
018e2000-018e6000 r--p 003d0000 08:01 3543019    /usr/lib/libgtk-x11-2.0.so.0.2400.4
018e6000-018e8000 rw-p 003d4000 08:01 3543019    /usr/lib/libgtk-x11-2.0.so.0.2400.4
018e8000-018ea000 rw-p 00000000 00:00 0 
018ea000-018ed000 ---p 00000000 00:00 0 
018ed000-0193b000 rwxp 00000000 00:00 0 
0193b000-0197e000 r-xp 00000000 08:01 4209909    /usr/lib/jvm/java-6-sun-1.6.0.24/jre/lib/i386/xawt/libmawt.so
0197e000-01980000 rw-p 00043000 08:01 4209909    /usr/lib/jvm/java-6-sun-1.6.0.24/jre/lib/i386/xawt/libmawt.so
01980000-01981000 rw-p 00000000 00:00 0 
01981000-019a8000 r-xp 00000000 08:01 2102149    /home/finn/tools/eclipse/plugins/org.mozilla.xulrunner.gtk.linux.x86_1.9.2.16b/xulrunner/libssl3.so
019a8000-019aa000 rw-p 00027000 08:01 2102149    /home/finn/tools/eclipse/plugins/org.mozilla.xulrunner.gtk.linux.x86_1.9.2.16b/xulrunner/libssl3.so
019c5000-019c8000 ---p 00000000 00:00 0 
019c8000-01a16000 rwxp 00000000 00:00 0 
01a1d000-01a20000 ---p 00000000 00:00 0 
01a20000-01a6e000 rwxp 00000000 00:00 0 
01a6e000-01c32000 r-xp 00000000 08:01 3543088    /usr/lib/libicui18n.so.44.2
01c32000-01c38000 r--p 001c3000 08:01 3543088    /usr/lib/libicui18n.so.44.2
01c38000-01c39000 rw-p 001c9000 08:01 3543088    /usr/lib/libicui18n.so.44.2
01c39000-01c3a000 rw-p 00000000 00:00 0 
01c3a000-01cbe000 r-xp 00000000 08:01 4077508    /usr/lib/jvm/java-6-sun-1.6.0.24/jre/lib/i386/libawt.so
01cbe000-01cc5000 rw-p 00084000 08:01 4077508    /usr/lib/jvm/java-6-sun-1.6.0.24/jre/lib/i386/libawt.so
01cc5000-01ce9000 rw-p 00000000 00:00 0 
01ce9000-01d62000 r-xp 00000000 08:01 4077552    /usr/lib/jvm/java-6-sun-1.6.0.24/jre/lib/i386/libfontmanager.so
01d62000-01d6c000 rw-p 00078000 08:01 4077552    /usr/lib/jvm/java-6-sun-1.6.0.24/jre/lib/i386/libfontmanager.so
01d6c000-01d71000 rw-p 00000000 00:00 0 
01d71000-01d74000 ---p 00000000 00:00 0 
01d74000-01dc2000 rwxp 00000000 00:00 0 
01dc2000-01e39000 r-xp 00000000 08:01 2102148    /home/finn/tools/eclipse/plugins/org.mozilla.xulrunner.gtk.linux.x86_1.9.2.16b/xulrunner/libsqlite3.so
01e39000-01e3b000 rw-p 00077000 08:01 2102148    /home/finn/tools/eclipse/plugins/org.mozilla.xulrunner.gtk.linux.x86_1.9.2.16b/xulrunner/libsqlite3.so
01e3b000-01f02000 r-xp 00000000 08:01 3542671    /usr/lib/libasound.so.2.0.0
01f02000-01f06000 r--p 000c6000 08:01 3542671    /usr/lib/libasound.so.2.0.0
01f06000-01f07000 rw-p 000ca000 08:01 3542671    /usr/lib/libasound.so.2.0.0
01f07000-01f23000 r-xp 00000000 08:01 2102128    /home/finn/tools/eclipse/plugins/org.mozilla.xulrunner.gtk.linux.x86_1.9.2.16b/xulrunner/libsmime3.so
01f23000-01f25000 rw-p 0001c000 08:01 2102128    /home/finn/tools/eclipse/plugins/org.mozilla.xulrunner.gtk.linux.x86_1.9.2.16b/xulrunner/libsmime3.so
01f25000-0201f000 r-xp 00000000 08:01 2102144    /home/finn/tools/eclipse/plugins/org.mozilla.xulrunner.gtk.linux.x86_1.9.2.16b/xulrunner/libmozjs.so
0201f000-02026000 rw-p 000fa000 08:01 2102144    /home/finn/tools/eclipse/plugins/org.mozilla.xulrunner.gtk.linux.x86_1.9.2.16b/xulrunner/libmozjs.so
02026000-02027000 rw-p 00000000 00:00 0 
02027000-02046000 r-xp 00000000 08:01 3542775    /usr/lib/libdbus-glib-1.so.2.1.0
02046000-02047000 r--p 0001e000 08:01 3542775    /usr/lib/libdbus-glib-1.so.2.1.0
02047000-02048000 rw-p 0001f000 08:01 3542775    /usr/lib/libdbus-glib-1.so.2.1.0
02048000-02076000 r-xp 00000000 08:01 3542866    /usr/lib/libgconf-2.so.4.1.5
02076000-02077000 ---p 0002e000 08:01 3542866    /usr/lib/libgconf-2.so.4.1.5
02077000-02078000 r--p 0002e000 08:01 3542866    /usr/lib/libgconf-2.so.4.1.5
02078000-0207a000 rw-p 0002f000 08:01 3542866    /usr/lib/libgconf-2.so.4.1.5
020c1000-020c2000 ---p 00000000 00:00 0 
020c2000-02142000 rwxp 00000000 00:00 0 
0216c000-0219d000 r-xp 00000000 08:01 3542751    /usr/lib/libcroco-0.6.so.3.0.1
0219d000-0219e000 r--p 00030000 08:01 3542751    /usr/lib/libcroco-0.6.so.3.0.1
0219e000-021a0000 rw-p 00031000 08:01 3542751    /usr/lib/libcroco-0.6.so.3.0.1
021a0000-021a3000 ---p 00000000 00:00 0 
021a3000-021f1000 rwxp 00000000 00:00 0 
02238000-02289000 r-xp 00000000 08:01 3543074    /usr/lib/libhunspell-1.2.so.0.0.0
02289000-0228a000 r--p 00050000 08:01 3543074    /usr/lib/libhunspell-1.2.so.0.0.0
0228a000-0228e000 rw-p 00051000 08:01 3543074    /usr/lib/libhunspell-1.2.so.0.0.0
022ab000-022ae000 ---p 00000000 00:00 0 
022ae000-022fc000 rwxp 00000000 00:00 0 
022fc000-022fd000 ---p 00000000 00:00 0 
022fd000-02afd000 rwxp 00000000 00:00 0 
02afd000-02b00000 ---p 00000000 00:00 0 
02b00000-02b4e000 rwxp 00000000 00:00 0 
02b4e000-02b51000 ---p 00000000 00:00 0 
02b51000-02b9f000 rwxp 00000000 00:00 0 
02b9f000-02ba2000 ---p 00000000 00:00 0 
02ba2000-02bf0000 rwxp 00000000 00:00 0 
02bf0000-02bf3000 ---p 00000000 00:00 0 
02bf3000-02c41000 rwxp 00000000 00:00 0 
02c41000-02c44000 ---p 00000000 00:00 0 
02c44000-02c92000 rwxp 00000000 00:00 0 
02cd0000-02d20000 r-xp 00000000 08:01 3543371    /usr/lib/libsoup-2.4.so.1.4.0
02d20000-02d21000 ---p 00050000 08:01 3543371    /usr/lib/libsoup-2.4.so.1.4.0
02d21000-02d22000 r--p 00050000 08:01 3543371    /usr/lib/libsoup-2.4.so.1.4.0
02d22000-02d23000 rw-p 00051000 08:01 3543371    /usr/lib/libsoup-2.4.so.1.4.0
02d23000-02d26000 ---p 00000000 00:00 0 
02d26000-02d74000 rwxp 00000000 00:00 0 
02d74000-02d77000 ---p 00000000 00:00 0 
02d77000-02dc5000 rwxp 00000000 00:00 0 
02dc5000-02dc8000 ---p 00000000 00:00 0 
02dc8000-02e16000 rwxp 00000000 00:00 0 
02f8b000-02fa0000 r-xp 00000000 08:01 2098695    /home/finn/tools/eclipse/configuration/org.eclipse.osgi/bundles/587/1/.cp/libswt-xulrunner-gtk-3735.so
02fa0000-02fa2000 rw-p 00014000 08:01 2098695    /home/finn/tools/eclipse/configuration/org.eclipse.osgi/bundles/587/1/.cp/libswt-xulrunner-gtk-3735.so
02fc3000-02fc6000 ---p 00000000 00:00 0 
02fc6000-03014000 rwxp 00000000 00:00 0 
03123000-03126000 ---p 00000000 00:00 0 
03126000-03174000 rwxp 00000000 00:00 0 
03358000-0335b000 ---p 00000000 00:00 0 
0335b000-033a9000 rwxp 00000000 00:00 0 
03727000-0372a000 ---p 00000000 00:00 0 
0372a000-03778000 rwxp 00000000 00:00 0 
03a56000-03a59000 ---p 00000000 00:00 0 
03a59000-03aa7000 rwxp 00000000 00:00 0 
03b64000-03c87000 r-xp 00000000 08:01 3539885    /usr/lib/libxml2.so.2.7.8
03c87000-03c8b000 r--p 00123000 08:01 3539885    /usr/lib/libxml2.so.2.7.8
03c8b000-03c8c000 rw-p 00127000 08:01 3539885    /usr/lib/libxml2.so.2.7.8
03c8c000-03c8d000 rw-p 00000000 00:00 0 
03e3b000-03e82000 r-xp 00000000 08:01 3542615    /usr/lib/libORBit-2.so.0.1.0
03e82000-03e8a000 r--p 00047000 08:01 3542615    /usr/lib/libORBit-2.so.0.1.0
03e8a000-03e8c000 rw-p 0004f000 08:01 3542615    /usr/lib/libORBit-2.so.0.1.0
03eea000-03fc9000 r-xp 00000000 08:01 3545510    /usr/lib/i386-linux-gnu/libstdc++.so.6.0.14
03fc9000-03fcd000 r--p 000de000 08:01 3545510    /usr/lib/i386-linux-gnu/libstdc++.so.6.0.14
03fcd000-03fce000 rw-p 000e2000 08:01 3545510    /usr/lib/i386-linux-gnu/libstdc++.so.6.0.14
03fce000-03fd5000 rw-p 00000000 00:00 0 
04065000-04094000 r-xp 00000000 08:01 3543341    /usr/lib/librsvg-2.so.2.32.1
04094000-04095000 r--p 0002e000 08:01 3543341    /usr/lib/librsvg-2.so.2.32.1
04095000-04096000 rw-p 0002f000 08:01 3543341    /usr/lib/librsvg-2.so.2.32.1
04107000-0410a000 ---p 00000000 00:00 0 
0410a000-04158000 rwxp 00000000 00:00 0 
0419f000-041a2000 ---p 00000000 00:00 0 
041a2000-041f0000 rwxp 00000000 00:00 0 
04236000-04239000 ---p 00000000 00:00 0 
04239000-04287000 rwxp 00000000 00:00 0 
04381000-04384000 ---p 00000000 00:00 0 
04384000-043d2000 rwxp 00000000 00:00 0 
0463a000-0463d000 ---p 00000000 00:00 0 
0463d000-0468b000 rwxp 00000000 00:00 0 
046d2000-046d5000 ---p 00000000 00:00 0 
046d5000-04723000 rwxp 00000000 00:00 0 
048af000-048b2000 ---p 00000000 00:00 0 
048b2000-04900000 rwxp 00000000 00:00 0 
04a2a000-04a2d000 ---p 00000000 00:00 0 
04a2d000-04a7b000 rwxp 00000000 00:00 0 
04c07000-04c0a000 ---p 00000000 00:00 0 
04c0a000-04c58000 rwxp 00000000 00:00 0 
05162000-051fe000 r-xp 00000000 08:01 3542673    /usr/lib/libaspell.so.15.1.4
051fe000-05201000 r--p 0009c000 08:01 3542673    /usr/lib/libaspell.so.15.1.4
05201000-05202000 rw-p 0009f000 08:01 3542673    /usr/lib/libaspell.so.15.1.4
05202000-05206000 rw-p 00000000 00:00 0 
052b7000-052f6000 r-xp 00000000 08:01 3542981    /usr/lib/libgstbase-0.10.so.0.28.0
052f6000-052f7000 r--p 0003e000 08:01 3542981    /usr/lib/libgstbase-0.10.so.0.28.0
052f7000-052f8000 rw-p 0003f000 08:01 3542981    /usr/lib/libgstbase-0.10.so.0.28.0
05355000-05418000 r-xp 00000000 08:01 3543003    /usr/lib/libgstreamer-0.10.so.0.28.0
05418000-0541b000 r--p 000c2000 08:01 3543003    /usr/lib/libgstreamer-0.10.so.0.28.0
0541b000-0541c000 rw-p 000c5000 08:01 3543003    /usr/lib/libgstreamer-0.10.so.0.28.0
0541c000-0541d000 rw-p 00000000 00:00 0 
054af000-054b2000 ---p 00000000 00:00 0 
054b2000-05500000 rwxp 00000000 00:00 0 
05528000-0552b000 ---p 00000000 00:00 0 
0552b000-05579000 rwxp 00000000 00:00 0 
05579000-0557a000 ---p 00000000 00:00 0 
0557a000-05d7a000 rwxp 00000000 00:00 0 
05eb5000-06377000 r-xp 00000000 08:01 4077521    /usr/lib/jvm/java-6-sun-1.6.0.24/jre/lib/i386/client/libjvm.so
06377000-0639a000 rw-p 004c2000 08:01 4077521    /usr/lib/jvm/java-6-sun-1.6.0.24/jre/lib/i386/client/libjvm.so
0639a000-067b6000 rw-p 00000000 00:00 0 
0685f000-06862000 ---p 00000000 00:00 0 
06862000-068b0000 rwxp 00000000 00:00 0 
06b2e000-06b88000 r-xp 00000000 08:01 2097732    /home/finn/tools/eclipse/configuration/org.eclipse.osgi/bundles/587/1/.cp/libswt-pi-gtk-3735.so
06b88000-06b8a000 rw-p 0005a000 08:01 2097732    /home/finn/tools/eclipse/configuration/org.eclipse.osgi/bundles/587/1/.cp/libswt-pi-gtk-3735.so
06b8a000-06b8b000 rw-p 00000000 00:00 0 
06b92000-06b95000 ---p 00000000 00:00 0 
06b95000-06be3000 rwxp 00000000 00:00 0 
06e40000-06e43000 ---p 00000000 00:00 0 
06e43000-06e91000 rwxp 00000000 00:00 0 
072d8000-07308000 r-xp 00000000 08:01 2102123    /home/finn/tools/eclipse/plugins/org.mozilla.xulrunner.gtk.linux.x86_1.9.2.16b/xulrunner/libnspr4.so
07308000-07309000 rw-p 00030000 08:01 2102123    /home/finn/tools/eclipse/plugins/org.mozilla.xulrunner.gtk.linux.x86_1.9.2.16b/xulrunner/libnspr4.so
07309000-0730b000 rw-p 00000000 00:00 0 
07450000-074d7000 r-xp 00000000 08:01 3545508    /usr/lib/i386-linux-gnu/libsqlite3.so.0.8.6
074d7000-074d8000 ---p 00087000 08:01 3545508    /usr/lib/i386-linux-gnu/libsqlite3.so.0.8.6
074d8000-074d9000 r--p 00087000 08:01 3545508    /usr/lib/i386-linux-gnu/libsqlite3.so.0.8.6
074d9000-074da000 rw-p 00088000 08:01 3545508    /usr/lib/i386-linux-gnu/libsqlite3.so.0.8.6
074da000-074db000 rw-p 00000000 00:00 0 
07542000-07545000 ---p 00000000 00:00 0 
07545000-07593000 rwxp 00000000 00:00 0 
0784c000-0784f000 ---p 00000000 00:00 0 
0784f000-0789d000 rwxp 00000000 00:00 0 
078f4000-079c4000 r-xp 00000000 08:01 2102152    /home/finn/tools/eclipse/plugins/org.mozilla.xulrunner.gtk.linux.x86_1.9.2.16b/xulrunner/libnss3.so
079c4000-079c8000 rw-p 000cf000 08:01 2102152    /home/finn/tools/eclipse/plugins/org.mozilla.xulrunner.gtk.linux.x86_1.9.2.16b/xulrunner/libnss3.so
079c8000-079c9000 rw-p 00000000 00:00 0 
07adc000-07c03000 r-xp 00000000 08:01 3543100    /usr/lib/libicuuc.so.44.2
07c03000-07c0c000 r--p 00126000 08:01 3543100    /usr/lib/libicuuc.so.44.2
07c0c000-07c0d000 rw-p 0012f000 08:01 3543100    /usr/lib/libicuuc.so.44.2
07c0d000-07c11000 rw-p 00000000 00:00 0 
07d2f000-07d32000 ---p 00000000 00:00 0 
07d32000-07d80000 rwxp 00000000 00:00 0 
07d91000-07d94000 ---p 00000000 00:00 0 
07d94000-07de2000 rwxp 00000000 00:00 0 
08048000-0804c000 r-xp 00000000 08:01 1967578    /home/finn/tools/eclipse/eclipse
0804c000-0804d000 rw-p 00003000 08:01 1967578    /home/finn/tools/eclipse/eclipse
08089000-09163000 rw-p 00000000 00:00 0          [heap]
62cf0000-66840000 rw-p 00000000 00:00 0 
66840000-6d790000 rw-p 00000000 00:00 0 
6d790000-74e00000 rw-p 00000000 00:00 0 
74e00000-82cf0000 rw-p 00000000 00:00 0 
82cf0000-88270000 rw-p 00000000 00:00 0 
88270000-92cf0000 rw-p 00000000 00:00 0 
92cf0000-93319000 r--s 00001000 08:01 4065090    /usr/lib/jvm/java-6-sun-1.6.0.24/jre/lib/i386/client/classes.jsa
93319000-936f0000 rw-p 00000000 00:00 0 
936f0000-93e29000 rw-p 0062a000 08:01 4065090    /usr/lib/jvm/java-6-sun-1.6.0.24/jre/lib/i386/client/classes.jsa
93e29000-942f0000 rw-p 00000000 00:00 0 
942f0000-943d1000 rw-p 00d63000 08:01 4065090    /usr/lib/jvm/java-6-sun-1.6.0.24/jre/lib/i386/client/classes.jsa
943d1000-946f0000 rw-p 00000000 00:00 0 
946f0000-946f8000 r-xs 00e44000 08:01 4065090    /usr/lib/jvm/java-6-sun-1.6.0.24/jre/lib/i386/client/classes.jsa
946f8000-94af0000 rw-p 00000000 00:00 0 
a74a5000-a74a6000 ---p 00000000 00:00 0 
a74a6000-a7ca6000 rwxp 00000000 00:00 0 
a7ca6000-a7ca7000 ---p 00000000 00:00 0 
a7ca7000-a84a7000 rwxp 00000000 00:00 0 
a8ca8000-a8ca9000 ---p 00000000 00:00 0 
a8ca9000-a94a9000 rwxp 00000000 00:00 0 
a94a9000-a94aa000 ---p 00000000 00:00 0 
a94aa000-a9caa000 rwxp 00000000 00:00 0 
aa4ab000-aa50c000 r--p 00000000 08:01 2228262    /home/finn/tools/eclipse/plugins/org.mozilla.xulrunner.gtk.linux.x86_1.9.2.16b/xulrunner/chrome/classic.jar
aa50c000-aa50d000 ---p 00000000 00:00 0 
aa50d000-aad0d000 rwxp 00000000 00:00 0 
aad0d000-aad0e000 ---p 00000000 00:00 0 
aad0e000-ab50e000 rwxp 00000000 00:00 0 
ab50e000-ab50f000 ---p 00000000 00:00 0 
ab50f000-abd0f000 rwxp 00000000 00:00 0 
abd0f000-abd10000 ---p 00000000 00:00 0 
abd10000-ac510000 rwxp 00000000 00:00 0 
ac510000-ac511000 ---p 00000000 00:00 0 
ac511000-acd11000 rwxp 00000000 00:00 0 
acd11000-adb3c000 r-xp 00000000 08:01 2102135    /home/finn/tools/eclipse/plugins/org.mozilla.xulrunner.gtk.linux.x86_1.9.2.16b/xulrunner/libxul.so
adb3c000-adc38000 rw-p 00e2a000 08:01 2102135    /home/finn/tools/eclipse/plugins/org.mozilla.xulrunner.gtk.linux.x86_1.9.2.16b/xulrunner/libxul.so
adc38000-adc4f000 rw-p 00000000 00:00 0 
adc67000-ade68000 r--p 00000000 08:01 2228251    /home/finn/tools/eclipse/plugins/org.mozilla.xulrunner.gtk.linux.x86_1.9.2.16b/xulrunner/chrome/toolkit.jar
adeb3000-ae313000 r--p 00000000 08:01 4064317    /usr/share/icons/hicolor/icon-theme.cache
ae313000-b05bd000 r--p 00000000 08:01 4077125    /usr/share/icons/gnome/icon-theme.cache
b05bd000-b06a7000 r--p 00000000 08:01 4069728    /usr/share/icons/Humanity/icon-theme.cache
b06b5000-b0706000 r--p 00000000 08:01 4720383    /usr/share/fonts/truetype/ttf-dejavu/DejaVuSerif.ttf
b0727000-b0778000 r--p 00000000 08:01 4720383    /usr/share/fonts/truetype/ttf-dejavu/DejaVuSerif.ttf
b0778000-b0779000 ---p 00000000 00:00 0 
b0779000-b0f79000 rwxp 00000000 00:00 0 
b0f79000-b14a9000 rw-p 00000000 00:00 0 
b14a9000-b22e9000 r--p 00000000 08:01 3543086    /usr/lib/libicudata.so.44.2
b22e9000-b22ea000 rw-p 00e3f000 08:01 3543086    /usr/lib/libicudata.so.44.2
b22ea000-b3477000 r-xp 00000000 08:01 3543480    /usr/lib/libwebkitgtk-1.0.so.0.6.0
b3477000-b3544000 r--p 0118c000 08:01 3543480    /usr/lib/libwebkitgtk-1.0.so.0.6.0
b3544000-b355b000 rw-p 01259000 08:01 3543480    /usr/lib/libwebkitgtk-1.0.so.0.6.0
b355b000-b3571000 rw-p 00000000 00:00 0 
b3571000-b3600000 r--p 00000000 08:01 4720378    /usr/share/fonts/truetype/ttf-dejavu/DejaVuSans-Bold.ttf
b3600000-b36fe000 rw-p 00000000 00:00 0 
b36fe000-b3700000 ---p 00000000 00:00 0 
b3700000-b3790000 rw-p 00000000 00:00 0 
b3790000-b3800000 ---p 00000000 00:00 0 
b3800000-b38fe000 rw-p 00000000 00:00 0 
b38fe000-b3900000 ---p 00000000 00:00 0 
b3900000-b39fc000 rw-p 00000000 00:00 0 
b39fc000-b3a00000 ---p 00000000 00:00 0 
b3a00000-b3af9000 rw-p 00000000 00:00 0 
b3af9000-b3b00000 ---p 00000000 00:00 0 
b3b00000-b3bf9000 rw-p 00000000 00:00 0 
b3bf9000-b3c00000 ---p 00000000 00:00 0 
b3c00000-b3cf9000 rw-p 00000000 00:00 0 
b3cf9000-b3d00000 ---p 00000000 00:00 0 
b3d00000-b3df9000 rw-p 00000000 00:00 0 
b3df9000-b3e00000 ---p 00000000 00:00 0 
b3e00000-b3efc000 rw-p 00000000 00:00 0 
b3efc000-b3f00000 ---p 00000000 00:00 0 
b3f00000-b3ff9000 rw-p 00000000 00:00 0 
b3ff9000-b4000000 ---p 00000000 00:00 0 
b4000000-b40ff000 rw-p 00000000 00:00 0 
b40ff000-b4100000 ---p 00000000 00:00 0 
b4100000-b41ff000 rw-p 00000000 00:00 0 
b41ff000-b4200000 ---p 00000000 00:00 0 
b4200000-b42ff000 rw-p 00000000 00:00 0 
b42ff000-b4300000 ---p 00000000 00:00 0 
b43dd000-b4427000 r--p 00000000 08:01 4720380    /usr/share/fonts/truetype/ttf-dejavu/DejaVuSansMono-Bold.ttf
b4448000-b44a1000 r--p 00000000 08:01 4720423    /usr/share/fonts/truetype/ubuntu-font-family/Ubuntu-BI.ttf
b44a1000-b4501000 r--p 00000000 08:01 4720427    /usr/share/fonts/truetype/ubuntu-font-family/Ubuntu-RI.ttf
b4501000-b4554000 r--p 00000000 08:01 4720422    /usr/share/fonts/truetype/ubuntu-font-family/Ubuntu-B.ttf
b4563000-b45b6000 r--p 00000000 08:01 2228261    /home/finn/tools/eclipse/plugins/org.mozilla.xulrunner.gtk.linux.x86_1.9.2.16b/xulrunner/chrome/en-US.jar
b466b000-b4673000 r--s 00115000 08:01 3936645    /usr/lib/jvm/java-6-sun-1.6.0.24/jre/lib/resources.jar
b469a000-b46b4000 r--s 00000000 08:01 3934530    /usr/share/mime/mime.cache
b4796000-b479d000 r--s 00094000 08:01 3936209    /usr/lib/jvm/java-6-sun-1.6.0.24/jre/lib/jsse.jar
b47ad000-b47b0000 r--s 00013000 08:01 3936210    /usr/lib/jvm/java-6-sun-1.6.0.24/jre/lib/jce.jar
b4800000-b48ff000 rw-p 00000000 00:00 0 
b48ff000-b4900000 ---p 00000000 00:00 0 
b4906000-b4909000 rw-s 00000000 00:04 1081365    /SYSV00000000 (deleted)
b4964000-b496f000 r--p 00000000 08:01 4077115    /usr/share/icons/Humanity-Dark/icon-theme.cache
b49b5000-b49bc000 r--p 00000000 08:01 4591811    /usr/share/locale-langpack/de/LC_MESSAGES/webkit-2.0.mo
b4a19000-b4a68000 r--p 00000000 08:01 4720381    /usr/share/fonts/truetype/ttf-dejavu/DejaVuSansMono.ttf
b4a68000-b4ac0000 r--p 00000000 08:01 4720426    /usr/share/fonts/truetype/ubuntu-font-family/Ubuntu-R.ttf
b4ac0000-b4ac1000 r--s 00000000 08:01 1181849    /var/cache/fontconfig/c05880de57d1f5e948fdfacc138775d9-le32d4.cache-3
b4ac1000-b4ac7000 r--s 00000000 08:01 1181843    /var/cache/fontconfig/945677eb7aeaf62f1d50efc3fb3ec7d8-le32d4.cache-3
b4ac7000-b4aca000 r--s 00000000 08:01 1181844    /var/cache/fontconfig/99e8ed0e538f840c565b6ed5dad60d56-le32d4.cache-3
b4aca000-b4acd000 r--s 00000000 08:01 1183915    /var/cache/fontconfig/e383d7ea5fbe662a33d9b44caf393297-le32d4.cache-3
b4acd000-b4acf000 r--s 00000000 08:01 1181823    /var/cache/fontconfig/2cd17615ca594fa2959ae173292e504c-le32d4.cache-3
b4acf000-b4ad0000 r--s 00000000 08:01 1181864    /var/cache/fontconfig/e7071f4a29fa870f4323321c154eba04-le32d4.cache-3
b4ad0000-b4ad4000 r--s 00000000 08:01 1184521    /var/cache/fontconfig/926e794c3d5e5dffcaf2fa83ef8d36c2-le32d4.cache-3
b4ad4000-b4ad7000 r--s 00000000 08:01 1181837    /var/cache/fontconfig/6eb3985aa4124903f6ff08ba781cd364-le32d4.cache-3
b4ad7000-b4ad8000 r--s 00000000 08:01 1181828    /var/cache/fontconfig/4c73fe0c47614734b17d736dbde7580a-le32d4.cache-3
b4ad8000-b4ad9000 r--s 00000000 08:01 1181819    /var/cache/fontconfig/0d8c3b2ac0904cb8a57a757ad11a4a08-le32d4.cache-3
b4ad9000-b4ada000 r--s 00000000 08:01 1181835    /var/cache/fontconfig/6a53c69dea097a2d716e069445527da8-le32d4.cache-3
b4ada000-b4ade000 r--s 00000000 08:01 1181848    /var/cache/fontconfig/a755afe4a08bf5b97852ceb7400b47bc-le32d4.cache-3
b4ade000-b4ae1000 r--s 00000000 08:01 1184217    /var/cache/fontconfig/6d41288fd70b0be22e8c3a91e032eec0-le32d4.cache-3
b4ae1000-b4aec000 r--s 00000000 08:01 1181820    /var/cache/fontconfig/0f34bcd4b6ee430af32735b75db7f02b-le32d4.cache-3
b4aec000-b4aef000 r--s 00000000 08:01 1181857    /var/cache/fontconfig/d60319d88cac85ba9e1a07bd06cfbb8c-le32d4.cache-3
b4aef000-b4af0000 r--s 00000000 08:01 1184012    /var/cache/fontconfig/4794a0821666d79190d59a36cb4f44b5-le32d4.cache-3
b4af0000-b4af8000 r--s 00000000 08:01 1181856    /var/cache/fontconfig/d52a8644073d54c13679302ca1180695-le32d4.cache-3
b4af8000-b4b00000 r--s 00000000 08:01 1184463    /var/cache/fontconfig/e13b20fdb08344e0e664864cc2ede53d-le32d4.cache-3
b4b00000-b4bf8000 rw-p 00000000 00:00 0 
b4bf8000-b4c00000 ---p 00000000 00:00 0 
b4c03000-b4c06000 r--s 00000000 08:01 1184434    /var/cache/fontconfig/7ef2298fde41cc6eeb7af42e48b7d293-le32d4.cache-3
b4c06000-b4c07000 r--s 00000000 08:01 1970756    /home/finn/.fontconfig/595518e33300f162b48bb1ed4430d4b8-le32d4.cache-3
b4c07000-b4c1c000 r--p 00000000 08:01 4591762    /usr/share/locale-langpack/de/LC_MESSAGES/glib20.mo
b4c1c000-b4c1d000 r--p 00000000 00:00 0 
b4c86000-b4c88000 r--s 00003000 08:01 1970679    /home/finn/tools/eclipse/plugins/org.jboss.tools.jst.web.verification_3.1.0.v20110624-0507-H3-M2.jar
b4c95000-b4cac000 rw-p 00000000 00:00 0 
b4cd9000-b4cda000 r--s 00005000 08:01 1970702    /home/finn/tools/eclipse/plugins/org.jboss.tools.struts.verification_3.1.0.v20110624-0531-H5-M2.jar
b4ce2000-b4ce4000 rw-p 00000000 00:00 0 
b4ceb000-b4cec000 r--s 00004000 08:01 1970649    /home/finn/tools/eclipse/plugins/org.jboss.tools.jsf.verification_3.1.0.v20110624-0545-H5-M2.jar
b4cec000-b4d00000 r--s 00139000 08:01 1970114    /home/finn/tools/eclipse/plugins/org.eclipse.osgi_3.7.0.v20110613.jar
b4d00000-b4dff000 rw-p 00000000 00:00 0 
b4dff000-b4e00000 ---p 00000000 00:00 0 
b4e06000-b4e07000 r--s 00001000 08:01 2102146    /home/finn/tools/eclipse/plugins/org.mozilla.xulrunner.gtk.linux.x86_1.9.2.16b/xulrunner/javaxpcom.jar
b4e07000-b4e08000 rw-p 00000000 00:00 0 
b4e0e000-b4e10000 r--s 00006000 08:01 1969376    /home/finn/tools/eclipse/plugins/javax.transaction_1.1.1.v201105210645.jar
b4e10000-b4e44000 rw-p 00000000 00:00 0 
b4e44000-b4fdc000 r--s 03027000 08:01 3936630    /usr/lib/jvm/java-6-sun-1.6.0.24/jre/lib/rt.jar
b4fdc000-b5007000 rw-p 00000000 00:00 0 
b5007000-b505d000 rw-p 00000000 00:00 0 
b505d000-b5099000 rw-p 00000000 00:00 0 
b5099000-b5108000 rw-p 00000000 00:00 0 
b5108000-b5126000 rw-p 00000000 00:00 0 
b5126000-b515d000 rw-p 00000000 00:00 0 
b515d000-b5199000 rw-p 00000000 00:00 0 
b5199000-b5208000 rw-p 00000000 00:00 0 
b5208000-b5233000 rw-p 00000000 00:00 0 
b5233000-b5288000 rw-p 00000000 00:00 0 
b5288000-b52c4000 rw-p 00000000 00:00 0 
b52c4000-b5314000 rw-p 00000000 00:00 0 
b5314000-b5f04000 rwxp 00000000 00:00 0 
b5f04000-b7314000 rw-p 00000000 00:00 0 
b7314000-b731c000 rw-s 00000000 08:01 4588007    /tmp/hsperfdata_finn/2577 (deleted)
b731c000-b731d000 rw-p 00000000 00:00 0 
b731d000-b731e000 ---p 00000000 00:00 0 
b731e000-b737e000 rw-s 00000000 00:04 1048595    /SYSV00000000 (deleted)
b737e000-b73de000 rw-s 00000000 00:04 1015826    /SYSV00000000 (deleted)
b73de000-b73e4000 r--p 00000000 08:01 4591975    /usr/share/locale-langpack/de/LC_MESSAGES/gdk-pixbuf.mo
b73e4000-b7447000 rw-p 00000000 00:00 0 
b7448000-b7471000 r--p 00000000 08:01 4591803    /usr/share/locale-langpack/de/LC_MESSAGES/gtk20-properties.mo
b7471000-b7494000 r--p 00000000 08:01 4590375    /usr/share/locale-langpack/de/LC_MESSAGES/libc.mo
b7494000-b74a3000 r--p 00000000 08:01 4591808    /usr/share/locale-langpack/de/LC_MESSAGES/gtk20.mo
b74a3000-b75c3000 r--p 00762000 08:01 3546820    /usr/lib/locale/locale-archive
b75c3000-b7603000 r--p 00721000 08:01 3546820    /usr/lib/locale/locale-archive
b7603000-b7803000 r--p 00000000 08:01 3546820    /usr/lib/locale/locale-archive
b7803000-b7805000 rw-p 00000000 00:00 0 
b7805000-b7806000 r--s 0000b000 08:01 1969487    /home/finn/tools/eclipse/plugins/org.eclipse.equinox.launcher_1.2.0.v20110502.jar
b7806000-b7815000 rw-p 00000000 00:00 0 
bfdf4000-bfdf7000 ---p 00000000 00:00 0 
bfdf8000-bfe44000 rwxp 00000000 00:00 0          [stack]
bfe44000-bfe45000 rw-p 00000000 00:00 0 

VM Arguments:
jvm_args: -Dosgi.requiredJavaVersion=1.5 -XX:MaxPermSize=256m -Xms40m -Xmx512m 
java_command: <unknown>
Launcher Type: generic

Environment Variables:
PATH=/home/finn/bin:/home/finn/bin:/usr/local/sbin:/usr/local/bin:/usr/sbin:/usr/bin:/sbin:/bin:/usr/games
USERNAME=finn
LD_LIBRARY_PATH=/usr/lib/jvm/java-6-sun-1.6.0.24/jre/lib/i386/client:/usr/lib/jvm/java-6-sun-1.6.0.24/jre/lib/i386:
SHELL=/usr/bin/zsh
DISPLAY=:0

Signal Handlers:
SIGSEGV: [libjvm.so+0x452e10], sa_mask[0]=0x7ffbfeff, sa_flags=0x10000004
SIGBUS: [libjvm.so+0x452e10], sa_mask[0]=0x7ffbfeff, sa_flags=0x10000004
SIGFPE: [libjvm.so+0x374120], sa_mask[0]=0x7ffbfeff, sa_flags=0x10000004
SIGPIPE: SIG_IGN, sa_mask[0]=0x00001000, sa_flags=0x10000000
SIGXFSZ: [libjvm.so+0x374120], sa_mask[0]=0x7ffbfeff, sa_flags=0x10000004
SIGILL: [libjvm.so+0x374120], sa_mask[0]=0x7ffbfeff, sa_flags=0x10000004
SIGUSR1: SIG_DFL, sa_mask[0]=0x00000000, sa_flags=0x00000000
SIGUSR2: [libjvm.so+0x377100], sa_mask[0]=0x00000000, sa_flags=0x10000004
SIGHUP: [libjvm.so+0x376ce0], sa_mask[0]=0x7ffbfeff, sa_flags=0x10000004
SIGINT: [libjvm.so+0x376ce0], sa_mask[0]=0x7ffbfeff, sa_flags=0x10000004
SIGTERM: [libjvm.so+0x376ce0], sa_mask[0]=0x7ffbfeff, sa_flags=0x10000004
SIGQUIT: [libjvm.so+0x376ce0], sa_mask[0]=0x7ffbfeff, sa_flags=0x10000004


---------------  S Y S T E M  ---------------

OS:squeeze/sid

uname:Linux 2.6.38-8-generic #42-Ubuntu SMP Mon Apr 11 03:31:50 UTC 2011 i686
libc:glibc 2.13 NPTL 2.13 
rlimit: STACK 8192k, CORE 0k, NPROC infinity, NOFILE 4096, AS infinity
load average:0,31 0,12 0,07

/proc/meminfo:
MemTotal:        1024004 kB
MemFree:           72072 kB
Buffers:           34780 kB
Cached:           224968 kB
SwapCached:         6256 kB
Active:           355072 kB
Inactive:         477384 kB
Active(anon):     238828 kB
Inactive(anon):   341500 kB
Active(file):     116244 kB
Inactive(file):   135884 kB
Unevictable:          32 kB
Mlocked:              32 kB
HighTotal:        138056 kB
HighFree:            276 kB
LowTotal:         885948 kB
LowFree:           71796 kB
SwapTotal:       1046524 kB
SwapFree:        1020908 kB
Dirty:              4292 kB
Writeback:             0 kB
AnonPages:        569144 kB
Mapped:            73172 kB
Shmem:              7624 kB
Slab:              29060 kB
SReclaimable:      15624 kB
SUnreclaim:        13436 kB
KernelStack:        2616 kB
PageTables:         6408 kB
NFS_Unstable:          0 kB
Bounce:                0 kB
WritebackTmp:          0 kB
CommitLimit:     1558524 kB
Committed_AS:    1971268 kB
VmallocTotal:     122880 kB
VmallocUsed:       32960 kB
VmallocChunk:      82508 kB
HardwareCorrupted:     0 kB
HugePages_Total:       0
HugePages_Free:        0
HugePages_Rsvd:        0
HugePages_Surp:        0
Hugepagesize:       4096 kB
DirectMap4k:      864248 kB
DirectMap4M:       45056 kB


CPU:total 2 (2 cores per cpu, 1 threads per core) family 6 model 14 stepping 8, cmov, cx8, fxsr, mmx, sse, sse2, sse3

Memory: 4k page, physical 1024004k(72072k free), swap 1046524k(1020908k free)

vm_info: Java HotSpot(TM) Client VM (19.1-b02) for linux-x86 JRE (1.6.0_24-b07), built on Feb  2 2011 17:10:45 by "java_re" with gcc 3.2.1-7a (J2SE release)

time: Mon Jul 11 16:48:27 2011
elapsed time: 28416 seconds

